[INFO] mbere-ml: === mbere-ml run: dataset=addis kind=multiclass models=all seed=42 ===
[INFO] mbere-ml: run dir: C:\Users\Terry\OneDrive\Desktop\ALU\Yr3Tr3\Mission Capstone\Proposal 2\Implementation\Codebase\ml\artifacts\runs\20260703_185245_8044df6
[INFO] mbere-ml: clean: rows 12316 -> 12316 (dropped 0); cols=25
[INFO] mbere-ml: split: train=9852 test=2464 (test_size=0.20, stratified=True)
[INFO] mbere-ml: feature_selection (mutual_info): scores={'driver_age_band': 0.0027, 'driver_experience': 0.0013, 'time_of_day': 0.0018, 'driver_education': 0.0002, 'vehicle_service_year': 0.0003, 'vehicle_type': 0.0006, 'weather': 0.0024, 'road_surface': 0.0008, 'light_condition': 0.0015, 'driver_sex': 0.0002, 'driver_vehicle_relation': 0.0004, 'vehicle_owner': 0.0003, 'vehicle_defect': 0.0004}
[INFO] mbere-ml: selected 13/13 features: ['driver_age_band', 'driver_experience', 'time_of_day', 'driver_education', 'vehicle_service_year', 'vehicle_type', 'weather', 'road_surface', 'light_condition', 'driver_sex', 'driver_vehicle_relation', 'vehicle_owner', 'vehicle_defect']
[INFO] mbere-ml: wrote: addis_train.csv, addis_test.csv, encoders.joblib, split_indices.json, feature_contract.json
[INFO] mbere-ml: encoded feature dim: 50
[INFO] mbere-ml: train_baseline: X=(9852, 13), class counts={np.int64(0): np.int64(8331), np.int64(1): np.int64(1394), np.int64(2): np.int64(127)}
[INFO] mbere-ml: train_baseline: CV f1_macro=0.3287 recall_macro=0.3312 roc_auc_ovr=0.5054
[INFO] mbere-ml: train_baseline: wrote baseline.pkl + baseline.meta.json
[INFO] mbere-ml: evaluate[baseline]: f1_macro=0.3357 recall_macro=0.3332 roc_auc_ovr=0.5314 -> C:\Users\Terry\OneDrive\Desktop\ALU\Yr3Tr3\Mission Capstone\Proposal 2\Implementation\Codebase\ml\artifacts\runs\20260703_185245_8044df6\reports\baseline
[INFO] mbere-ml: train_random_forest: X=(9852, 13), class counts={np.int64(0): np.int64(8331), np.int64(1): np.int64(1394), np.int64(2): np.int64(127)}
[INFO] mbere-ml: train_random_forest: CV f1_macro=0.3161 recall_macro=0.3343 roc_auc_ovr=0.5435
[INFO] mbere-ml: train_random_forest: wrote random_forest.pkl + random_forest.meta.json
[INFO] mbere-ml: evaluate[random_forest]: f1_macro=0.3121 recall_macro=0.3314 roc_auc_ovr=0.5579 -> C:\Users\Terry\OneDrive\Desktop\ALU\Yr3Tr3\Mission Capstone\Proposal 2\Implementation\Codebase\ml\artifacts\runs\20260703_185245_8044df6\reports\random_forest
[INFO] mbere-ml: shap[random_forest]: wrote summary_plot.png, waterfall_plot.png, importance.csv -> C:\Users\Terry\OneDrive\Desktop\ALU\Yr3Tr3\Mission Capstone\Proposal 2\Implementation\Codebase\ml\artifacts\runs\20260703_185245_8044df6\reports\random_forest
[INFO] mbere-ml: train_xgboost: X=(9852, 13), class counts={np.int64(0): np.int64(8331), np.int64(1): np.int64(1394), np.int64(2): np.int64(127)}
[INFO] mbere-ml: train_xgboost: CV f1_macro=0.3156 recall_macro=0.3346 roc_auc_ovr=0.5505
[INFO] mbere-ml: train_xgboost: wrote xgboost.pkl + xgboost.meta.json
[INFO] mbere-ml: evaluate[xgboost]: f1_macro=0.3119 recall_macro=0.3328 roc_auc_ovr=0.5632 -> C:\Users\Terry\OneDrive\Desktop\ALU\Yr3Tr3\Mission Capstone\Proposal 2\Implementation\Codebase\ml\artifacts\runs\20260703_185245_8044df6\reports\xgboost
[INFO] mbere-ml: shap[xgboost]: wrote summary_plot.png, waterfall_plot.png, importance.csv -> C:\Users\Terry\OneDrive\Desktop\ALU\Yr3Tr3\Mission Capstone\Proposal 2\Implementation\Codebase\ml\artifacts\runs\20260703_185245_8044df6\reports\xgboost
[INFO] mbere-ml: 
[INFO] mbere-ml: === SUMMARY  dataset=addis  kind=multiclass  seed=42 ===
[INFO] mbere-ml: model             macro-F1    recall       AUC   accuracy
[INFO] mbere-ml: ---------------------------------------------------------
[INFO] mbere-ml: baseline            0.3357    0.3332    0.5314     0.7646
[INFO] mbere-ml: random_forest       0.3121    0.3314    0.5579     0.8287
[INFO] mbere-ml: xgboost             0.3119    0.3328    0.5632     0.8344
[INFO] mbere-ml: run complete: C:\Users\Terry\OneDrive\Desktop\ALU\Yr3Tr3\Mission Capstone\Proposal 2\Implementation\Codebase\ml\artifacts\runs\20260703_185245_8044df6
